Arguments: 
  /usr/local/bin/node /usr/local/bin/yarn add dapplets-eth-example#default@0.1.1

PATH: 
  /usr/local/bin:/usr/bin:/bin:/usr/sbin:/sbin:/Library/Apple/usr/bin

Yarn version: 
  1.22.17

Node version: 
  14.18.0

Platform: 
  darwin x64

Trace: 
  Error: https://registry.yarnpkg.com/dapplets-eth-example#default: Not found
      at Request.params.callback [as _callback] (/usr/local/lib/node_modules/yarn/lib/cli.js:67029:18)
      at Request.self.callback (/usr/local/lib/node_modules/yarn/lib/cli.js:140883:22)
      at Request.emit (events.js:400:28)
      at Request.<anonymous> (/usr/local/lib/node_modules/yarn/lib/cli.js:141855:10)
      at Request.emit (events.js:400:28)
      at IncomingMessage.<anonymous> (/usr/local/lib/node_modules/yarn/lib/cli.js:141777:12)
      at Object.onceWrapper (events.js:519:28)
      at IncomingMessage.emit (events.js:412:35)
      at endReadableNT (internal/streams/readable.js:1334:12)
      at processTicksAndRejections (internal/process/task_queues.js:82:21)

npm manifest: 
  {
    "name": "dapplets-eth-example",
    "version": "0.1.1",
    "description": "Example of a dapplet working with Eth protocol. Learn Eth x Dapplets Project",
    "main": "",
    "scripts": {
      "postinstall": "concurrently -c magenta,cyan -n dapplet,overlay \"npm run install:dapplet\" \"npm run install:overlay\"",
      "install:dapplet": "cd dapplet && npm i",
      "install:overlay": "cd overlay && npm i",
      "start": "concurrently -arc magenta,cyan -n dapplet,overlay \"npm run start:dapplet\" \"npm run start:overlay\"",
      "start:dapplet": "cd dapplet && npm start",
      "start:overlay": "cd overlay && npm start",
      "prettier": "npx prettier --write ."
    },
    "cacheDirectories": [
      "dapplet/node_modules",
      "overlay/node_modules",
      "contract/node_modules"
    ],
    "author": "Dapplets Project",
    "license": "MIT",
    "devDependencies": {
      "concurrently": "^6.0.2",
      "prettier": "2.2.1"
    },
    "bugs": {
      "url": "https://github.com/dapplets/dapplet-near-example/issues"
    },
    "homepage": "https://github.com/dapplets/dapplet-near-example#readme",
    "dependencies": {
      "@dapplets/dapplet-overlay-bridge": "^0.1.0",
      "ethers": "^5.5.3",
      "near-api-js": "^0.44.2"
    }
  }

yarn manifest: 
  No manifest

Lockfile: 
  # THIS IS AN AUTOGENERATED FILE. DO NOT EDIT THIS FILE DIRECTLY.
  # yarn lockfile v1
  
  
  "@dapplets/dapplet-overlay-bridge@^0.1.0":
    "integrity" "sha512-o/8/oVk01sgqxgF0WDyJ6ez2ElWwrPMqT60wQ9qp58oWZh6Rgwh0TFdUiWdJZi725gUlPzWJN+R/kNYaBAhVWA=="
    "resolved" "https://registry.npmjs.org/@dapplets/dapplet-overlay-bridge/-/dapplet-overlay-bridge-0.1.0.tgz"
    "version" "0.1.0"
  
  "@ethersproject/abi@^5.5.0", "@ethersproject/abi@5.5.0":
    "integrity" "sha512-loW7I4AohP5KycATvc0MgujU6JyCHPqHdeoo9z3Nr9xEiNioxa65ccdm1+fsoJhkuhdRtfcL8cfyGamz2AxZ5w=="
    "resolved" "https://registry.npmjs.org/@ethersproject/abi/-/abi-5.5.0.tgz"
    "version" "5.5.0"
    dependencies:
      "@ethersproject/address" "^5.5.0"
      "@ethersproject/bignumber" "^5.5.0"
      "@ethersproject/bytes" "^5.5.0"
      "@ethersproject/constants" "^5.5.0"
      "@ethersproject/hash" "^5.5.0"
      "@ethersproject/keccak256" "^5.5.0"
      "@ethersproject/logger" "^5.5.0"
      "@ethersproject/properties" "^5.5.0"
      "@ethersproject/strings" "^5.5.0"
  
  "@ethersproject/abstract-provider@^5.5.0", "@ethersproject/abstract-provider@5.5.1":
    "integrity" "sha512-m+MA/ful6eKbxpr99xUYeRvLkfnlqzrF8SZ46d/xFB1A7ZVknYc/sXJG0RcufF52Qn2jeFj1hhcoQ7IXjNKUqg=="
    "resolved" "https://registry.npmjs.org/@ethersproject/abstract-provider/-/abstract-provider-5.5.1.tgz"
    "version" "5.5.1"
    dependencies:
      "@ethersproject/bignumber" "^5.5.0"
      "@ethersproject/bytes" "^5.5.0"
      "@ethersproject/logger" "^5.5.0"
      "@ethersproject/networks" "^5.5.0"
      "@ethersproject/properties" "^5.5.0"
      "@ethersproject/transactions" "^5.5.0"
      "@ethersproject/web" "^5.5.0"
  
  "@ethersproject/abstract-signer@^5.5.0", "@ethersproject/abstract-signer@5.5.0":
    "integrity" "sha512-lj//7r250MXVLKI7sVarXAbZXbv9P50lgmJQGr2/is82EwEb8r7HrxsmMqAjTsztMYy7ohrIhGMIml+Gx4D3mA=="
    "resolved" "https://registry.npmjs.org/@ethersproject/abstract-signer/-/abstract-signer-5.5.0.tgz"
    "version" "5.5.0"
    dependencies:
      "@ethersproject/abstract-provider" "^5.5.0"
      "@ethersproject/bignumber" "^5.5.0"
      "@ethersproject/bytes" "^5.5.0"
      "@ethersproject/logger" "^5.5.0"
      "@ethersproject/properties" "^5.5.0"
  
  "@ethersproject/address@^5.5.0", "@ethersproject/address@5.5.0":
    "integrity" "sha512-l4Nj0eWlTUh6ro5IbPTgbpT4wRbdH5l8CQf7icF7sb/SI3Nhd9Y9HzhonTSTi6CefI0necIw7LJqQPopPLZyWw=="
    "resolved" "https://registry.npmjs.org/@ethersproject/address/-/address-5.5.0.tgz"
    "version" "5.5.0"
    dependencies:
      "@ethersproject/bignumber" "^5.5.0"
      "@ethersproject/bytes" "^5.5.0"
      "@ethersproject/keccak256" "^5.5.0"
      "@ethersproject/logger" "^5.5.0"
      "@ethersproject/rlp" "^5.5.0"
  
  "@ethersproject/base64@^5.5.0", "@ethersproject/base64@5.5.0":
    "integrity" "sha512-tdayUKhU1ljrlHzEWbStXazDpsx4eg1dBXUSI6+mHlYklOXoXF6lZvw8tnD6oVaWfnMxAgRSKROg3cVKtCcppA=="
    "resolved" "https://registry.npmjs.org/@ethersproject/base64/-/base64-5.5.0.tgz"
    "version" "5.5.0"
    dependencies:
      "@ethersproject/bytes" "^5.5.0"
  
  "@ethersproject/basex@^5.5.0", "@ethersproject/basex@5.5.0":
    "integrity" "sha512-ZIodwhHpVJ0Y3hUCfUucmxKsWQA5TMnavp5j/UOuDdzZWzJlRmuOjcTMIGgHCYuZmHt36BfiSyQPSRskPxbfaQ=="
    "resolved" "https://registry.npmjs.org/@ethersproject/basex/-/basex-5.5.0.tgz"
    "version" "5.5.0"
    dependencies:
      "@ethersproject/bytes" "^5.5.0"
      "@ethersproject/properties" "^5.5.0"
  
  "@ethersproject/bignumber@^5.5.0", "@ethersproject/bignumber@5.5.0":
    "integrity" "sha512-6Xytlwvy6Rn3U3gKEc1vP7nR92frHkv6wtVr95LFR3jREXiCPzdWxKQ1cx4JGQBXxcguAwjA8murlYN2TSiEbg=="
    "resolved" "https://registry.npmjs.org/@ethersproject/bignumber/-/bignumber-5.5.0.tgz"
    "version" "5.5.0"
    dependencies:
      "@ethersproject/bytes" "^5.5.0"
      "@ethersproject/logger" "^5.5.0"
      "bn.js" "^4.11.9"
  
  "@ethersproject/bytes@^5.5.0", "@ethersproject/bytes@5.5.0":
    "integrity" "sha512-ABvc7BHWhZU9PNM/tANm/Qx4ostPGadAuQzWTr3doklZOhDlmcBqclrQe/ZXUIj3K8wC28oYeuRa+A37tX9kog=="
    "resolved" "https://registry.npmjs.org/@ethersproject/bytes/-/bytes-5.5.0.tgz"
    "version" "5.5.0"
    dependencies:
      "@ethersproject/logger" "^5.5.0"
  
  "@ethersproject/constants@^5.5.0", "@ethersproject/constants@5.5.0":
    "integrity" "sha512-2MsRRVChkvMWR+GyMGY4N1sAX9Mt3J9KykCsgUFd/1mwS0UH1qw+Bv9k1UJb3X3YJYFco9H20pjSlOIfCG5HYQ=="
    "resolved" "https://registry.npmjs.org/@ethersproject/constants/-/constants-5.5.0.tgz"
    "version" "5.5.0"
    dependencies:
      "@ethersproject/bignumber" "^5.5.0"
  
  "@ethersproject/contracts@5.5.0":
    "integrity" "sha512-2viY7NzyvJkh+Ug17v7g3/IJC8HqZBDcOjYARZLdzRxrfGlRgmYgl6xPRKVbEzy1dWKw/iv7chDcS83pg6cLxg=="
    "resolved" "https://registry.npmjs.org/@ethersproject/contracts/-/contracts-5.5.0.tgz"
    "version" "5.5.0"
    dependencies:
      "@ethersproject/abi" "^5.5.0"
      "@ethersproject/abstract-provider" "^5.5.0"
      "@ethersproject/abstract-signer" "^5.5.0"
      "@ethersproject/address" "^5.5.0"
      "@ethersproject/bignumber" "^5.5.0"
      "@ethersproject/bytes" "^5.5.0"
      "@ethersproject/constants" "^5.5.0"
      "@ethersproject/logger" "^5.5.0"
      "@ethersproject/properties" "^5.5.0"
      "@ethersproject/transactions" "^5.5.0"
  
  "@ethersproject/hash@^5.5.0", "@ethersproject/hash@5.5.0":
    "integrity" "sha512-dnGVpK1WtBjmnp3mUT0PlU2MpapnwWI0PibldQEq1408tQBAbZpPidkWoVVuNMOl/lISO3+4hXZWCL3YV7qzfg=="
    "resolved" "https://registry.npmjs.org/@ethersproject/hash/-/hash-5.5.0.tgz"
    "version" "5.5.0"
    dependencies:
      "@ethersproject/abstract-signer" "^5.5.0"
      "@ethersproject/address" "^5.5.0"
      "@ethersproject/bignumber" "^5.5.0"
      "@ethersproject/bytes" "^5.5.0"
      "@ethersproject/keccak256" "^5.5.0"
      "@ethersproject/logger" "^5.5.0"
      "@ethersproject/properties" "^5.5.0"
      "@ethersproject/strings" "^5.5.0"
  
  "@ethersproject/hdnode@^5.5.0", "@ethersproject/hdnode@5.5.0":
    "integrity" "sha512-mcSOo9zeUg1L0CoJH7zmxwUG5ggQHU1UrRf8jyTYy6HxdZV+r0PBoL1bxr+JHIPXRzS6u/UW4mEn43y0tmyF8Q=="
    "resolved" "https://registry.npmjs.org/@ethersproject/hdnode/-/hdnode-5.5.0.tgz"
    "version" "5.5.0"
    dependencies:
      "@ethersproject/abstract-signer" "^5.5.0"
      "@ethersproject/basex" "^5.5.0"
      "@ethersproject/bignumber" "^5.5.0"
      "@ethersproject/bytes" "^5.5.0"
      "@ethersproject/logger" "^5.5.0"
      "@ethersproject/pbkdf2" "^5.5.0"
      "@ethersproject/properties" "^5.5.0"
      "@ethersproject/sha2" "^5.5.0"
      "@ethersproject/signing-key" "^5.5.0"
      "@ethersproject/strings" "^5.5.0"
      "@ethersproject/transactions" "^5.5.0"
      "@ethersproject/wordlists" "^5.5.0"
  
  "@ethersproject/json-wallets@^5.5.0", "@ethersproject/json-wallets@5.5.0":
    "integrity" "sha512-9lA21XQnCdcS72xlBn1jfQdj2A1VUxZzOzi9UkNdnokNKke/9Ya2xA9aIK1SC3PQyBDLt4C+dfps7ULpkvKikQ=="
    "resolved" "https://registry.npmjs.org/@ethersproject/json-wallets/-/json-wallets-5.5.0.tgz"
    "version" "5.5.0"
    dependencies:
      "@ethersproject/abstract-signer" "^5.5.0"
      "@ethersproject/address" "^5.5.0"
      "@ethersproject/bytes" "^5.5.0"
      "@ethersproject/hdnode" "^5.5.0"
      "@ethersproject/keccak256" "^5.5.0"
      "@ethersproject/logger" "^5.5.0"
      "@ethersproject/pbkdf2" "^5.5.0"
      "@ethersproject/properties" "^5.5.0"
      "@ethersproject/random" "^5.5.0"
      "@ethersproject/strings" "^5.5.0"
      "@ethersproject/transactions" "^5.5.0"
      "aes-js" "3.0.0"
      "scrypt-js" "3.0.1"
  
  "@ethersproject/keccak256@^5.5.0", "@ethersproject/keccak256@5.5.0":
    "integrity" "sha512-5VoFCTjo2rYbBe1l2f4mccaRFN/4VQEYFwwn04aJV2h7qf4ZvI2wFxUE1XOX+snbwCLRzIeikOqtAoPwMza9kg=="
    "resolved" "https://registry.npmjs.org/@ethersproject/keccak256/-/keccak256-5.5.0.tgz"
    "version" "5.5.0"
    dependencies:
      "@ethersproject/bytes" "^5.5.0"
      "js-sha3" "0.8.0"
  
  "@ethersproject/logger@^5.5.0", "@ethersproject/logger@5.5.0":
    "integrity" "sha512-rIY/6WPm7T8n3qS2vuHTUBPdXHl+rGxWxW5okDfo9J4Z0+gRRZT0msvUdIJkE4/HS29GUMziwGaaKO2bWONBrg=="
    "resolved" "https://registry.npmjs.org/@ethersproject/logger/-/logger-5.5.0.tgz"
    "version" "5.5.0"
  
  "@ethersproject/networks@^5.5.0", "@ethersproject/networks@5.5.2":
    "integrity" "sha512-NEqPxbGBfy6O3x4ZTISb90SjEDkWYDUbEeIFhJly0F7sZjoQMnj5KYzMSkMkLKZ+1fGpx00EDpHQCy6PrDupkQ=="
    "resolved" "https://registry.npmjs.org/@ethersproject/networks/-/networks-5.5.2.tgz"
    "version" "5.5.2"
    dependencies:
      "@ethersproject/logger" "^5.5.0"
  
  "@ethersproject/pbkdf2@^5.5.0", "@ethersproject/pbkdf2@5.5.0":
    "integrity" "sha512-SaDvQFvXPnz1QGpzr6/HToLifftSXGoXrbpZ6BvoZhmx4bNLHrxDe8MZisuecyOziP1aVEwzC2Hasj+86TgWVg=="
    "resolved" "https://registry.npmjs.org/@ethersproject/pbkdf2/-/pbkdf2-5.5.0.tgz"
    "version" "5.5.0"
    dependencies:
      "@ethersproject/bytes" "^5.5.0"
      "@ethersproject/sha2" "^5.5.0"
  
  "@ethersproject/properties@^5.5.0", "@ethersproject/properties@5.5.0":
    "integrity" "sha512-l3zRQg3JkD8EL3CPjNK5g7kMx4qSwiR60/uk5IVjd3oq1MZR5qUg40CNOoEJoX5wc3DyY5bt9EbMk86C7x0DNA=="
    "resolved" "https://registry.npmjs.org/@ethersproject/properties/-/properties-5.5.0.tgz"
    "version" "5.5.0"
    dependencies:
      "@ethersproject/logger" "^5.5.0"
  
  "@ethersproject/providers@5.5.2":
    "integrity" "sha512-hkbx7x/MKcRjyrO4StKXCzCpWer6s97xnm34xkfPiarhtEUVAN4TBBpamM+z66WcTt7H5B53YwbRj1n7i8pZoQ=="
    "resolved" "https://registry.npmjs.org/@ethersproject/providers/-/providers-5.5.2.tgz"
    "version" "5.5.2"
    dependencies:
      "@ethersproject/abstract-provider" "^5.5.0"
      "@ethersproject/abstract-signer" "^5.5.0"
      "@ethersproject/address" "^5.5.0"
      "@ethersproject/basex" "^5.5.0"
      "@ethersproject/bignumber" "^5.5.0"
      "@ethersproject/bytes" "^5.5.0"
      "@ethersproject/constants" "^5.5.0"
      "@ethersproject/hash" "^5.5.0"
      "@ethersproject/logger" "^5.5.0"
      "@ethersproject/networks" "^5.5.0"
      "@ethersproject/properties" "^5.5.0"
      "@ethersproject/random" "^5.5.0"
      "@ethersproject/rlp" "^5.5.0"
      "@ethersproject/sha2" "^5.5.0"
      "@ethersproject/strings" "^5.5.0"
      "@ethersproject/transactions" "^5.5.0"
      "@ethersproject/web" "^5.5.0"
      "bech32" "1.1.4"
      "ws" "7.4.6"
  
  "@ethersproject/random@^5.5.0", "@ethersproject/random@5.5.1":
    "integrity" "sha512-YaU2dQ7DuhL5Au7KbcQLHxcRHfgyNgvFV4sQOo0HrtW3Zkrc9ctWNz8wXQ4uCSfSDsqX2vcjhroxU5RQRV0nqA=="
    "resolved" "https://registry.npmjs.org/@ethersproject/random/-/random-5.5.1.tgz"
    "version" "5.5.1"
    dependencies:
      "@ethersproject/bytes" "^5.5.0"
      "@ethersproject/logger" "^5.5.0"
  
  "@ethersproject/rlp@^5.5.0", "@ethersproject/rlp@5.5.0":
    "integrity" "sha512-hLv8XaQ8PTI9g2RHoQGf/WSxBfTB/NudRacbzdxmst5VHAqd1sMibWG7SENzT5Dj3yZ3kJYx+WiRYEcQTAkcYA=="
    "resolved" "https://registry.npmjs.org/@ethersproject/rlp/-/rlp-5.5.0.tgz"
    "version" "5.5.0"
    dependencies:
      "@ethersproject/bytes" "^5.5.0"
      "@ethersproject/logger" "^5.5.0"
  
  "@ethersproject/sha2@^5.5.0", "@ethersproject/sha2@5.5.0":
    "integrity" "sha512-B5UBoglbCiHamRVPLA110J+2uqsifpZaTmid2/7W5rbtYVz6gus6/hSDieIU/6gaKIDcOj12WnOdiymEUHIAOA=="
    "resolved" "https://registry.npmjs.org/@ethersproject/sha2/-/sha2-5.5.0.tgz"
    "version" "5.5.0"
    dependencies:
      "@ethersproject/bytes" "^5.5.0"
      "@ethersproject/logger" "^5.5.0"
      "hash.js" "1.1.7"
  
  "@ethersproject/signing-key@^5.5.0", "@ethersproject/signing-key@5.5.0":
    "integrity" "sha512-5VmseH7qjtNmDdZBswavhotYbWB0bOwKIlOTSlX14rKn5c11QmJwGt4GHeo7NrL/Ycl7uo9AHvEqs5xZgFBTng=="
    "resolved" "https://registry.npmjs.org/@ethersproject/signing-key/-/signing-key-5.5.0.tgz"
    "version" "5.5.0"
    dependencies:
      "@ethersproject/bytes" "^5.5.0"
      "@ethersproject/logger" "^5.5.0"
      "@ethersproject/properties" "^5.5.0"
      "bn.js" "^4.11.9"
      "elliptic" "6.5.4"
      "hash.js" "1.1.7"
  
  "@ethersproject/solidity@5.5.0":
    "integrity" "sha512-9NgZs9LhGMj6aCtHXhtmFQ4AN4sth5HuFXVvAQtzmm0jpSCNOTGtrHZJAeYTh7MBjRR8brylWZxBZR9zDStXbw=="
    "resolved" "https://registry.npmjs.org/@ethersproject/solidity/-/solidity-5.5.0.tgz"
    "version" "5.5.0"
    dependencies:
      "@ethersproject/bignumber" "^5.5.0"
      "@ethersproject/bytes" "^5.5.0"
      "@ethersproject/keccak256" "^5.5.0"
      "@ethersproject/logger" "^5.5.0"
      "@ethersproject/sha2" "^5.5.0"
      "@ethersproject/strings" "^5.5.0"
  
  "@ethersproject/strings@^5.5.0", "@ethersproject/strings@5.5.0":
    "integrity" "sha512-9fy3TtF5LrX/wTrBaT8FGE6TDJyVjOvXynXJz5MT5azq+E6D92zuKNx7i29sWW2FjVOaWjAsiZ1ZWznuduTIIQ=="
    "resolved" "https://registry.npmjs.org/@ethersproject/strings/-/strings-5.5.0.tgz"
    "version" "5.5.0"
    dependencies:
      "@ethersproject/bytes" "^5.5.0"
      "@ethersproject/constants" "^5.5.0"
      "@ethersproject/logger" "^5.5.0"
  
  "@ethersproject/transactions@^5.5.0", "@ethersproject/transactions@5.5.0":
    "integrity" "sha512-9RZYSKX26KfzEd/1eqvv8pLauCKzDTub0Ko4LfIgaERvRuwyaNV78mJs7cpIgZaDl6RJui4o49lHwwCM0526zA=="
    "resolved" "https://registry.npmjs.org/@ethersproject/transactions/-/transactions-5.5.0.tgz"
    "version" "5.5.0"
    dependencies:
      "@ethersproject/address" "^5.5.0"
      "@ethersproject/bignumber" "^5.5.0"
      "@ethersproject/bytes" "^5.5.0"
      "@ethersproject/constants" "^5.5.0"
      "@ethersproject/keccak256" "^5.5.0"
      "@ethersproject/logger" "^5.5.0"
      "@ethersproject/properties" "^5.5.0"
      "@ethersproject/rlp" "^5.5.0"
      "@ethersproject/signing-key" "^5.5.0"
  
  "@ethersproject/units@5.5.0":
    "integrity" "sha512-7+DpjiZk4v6wrikj+TCyWWa9dXLNU73tSTa7n0TSJDxkYbV3Yf1eRh9ToMLlZtuctNYu9RDNNy2USq3AdqSbag=="
    "resolved" "https://registry.npmjs.org/@ethersproject/units/-/units-5.5.0.tgz"
    "version" "5.5.0"
    dependencies:
      "@ethersproject/bignumber" "^5.5.0"
      "@ethersproject/constants" "^5.5.0"
      "@ethersproject/logger" "^5.5.0"
  
  "@ethersproject/wallet@5.5.0":
    "integrity" "sha512-Mlu13hIctSYaZmUOo7r2PhNSd8eaMPVXe1wxrz4w4FCE4tDYBywDH+bAR1Xz2ADyXGwqYMwstzTrtUVIsKDO0Q=="
    "resolved" "https://registry.npmjs.org/@ethersproject/wallet/-/wallet-5.5.0.tgz"
    "version" "5.5.0"
    dependencies:
      "@ethersproject/abstract-provider" "^5.5.0"
      "@ethersproject/abstract-signer" "^5.5.0"
      "@ethersproject/address" "^5.5.0"
      "@ethersproject/bignumber" "^5.5.0"
      "@ethersproject/bytes" "^5.5.0"
      "@ethersproject/hash" "^5.5.0"
      "@ethersproject/hdnode" "^5.5.0"
      "@ethersproject/json-wallets" "^5.5.0"
      "@ethersproject/keccak256" "^5.5.0"
      "@ethersproject/logger" "^5.5.0"
      "@ethersproject/properties" "^5.5.0"
      "@ethersproject/random" "^5.5.0"
      "@ethersproject/signing-key" "^5.5.0"
      "@ethersproject/transactions" "^5.5.0"
      "@ethersproject/wordlists" "^5.5.0"
  
  "@ethersproject/web@^5.5.0", "@ethersproject/web@5.5.1":
    "integrity" "sha512-olvLvc1CB12sREc1ROPSHTdFCdvMh0J5GSJYiQg2D0hdD4QmJDy8QYDb1CvoqD/bF1c++aeKv2sR5uduuG9dQg=="
    "resolved" "https://registry.npmjs.org/@ethersproject/web/-/web-5.5.1.tgz"
    "version" "5.5.1"
    dependencies:
      "@ethersproject/base64" "^5.5.0"
      "@ethersproject/bytes" "^5.5.0"
      "@ethersproject/logger" "^5.5.0"
      "@ethersproject/properties" "^5.5.0"
      "@ethersproject/strings" "^5.5.0"
  
  "@ethersproject/wordlists@^5.5.0", "@ethersproject/wordlists@5.5.0":
    "integrity" "sha512-bL0UTReWDiaQJJYOC9sh/XcRu/9i2jMrzf8VLRmPKx58ckSlOJiohODkECCO50dtLZHcGU6MLXQ4OOrgBwP77Q=="
    "resolved" "https://registry.npmjs.org/@ethersproject/wordlists/-/wordlists-5.5.0.tgz"
    "version" "5.5.0"
    dependencies:
      "@ethersproject/bytes" "^5.5.0"
      "@ethersproject/hash" "^5.5.0"
      "@ethersproject/logger" "^5.5.0"
      "@ethersproject/properties" "^5.5.0"
      "@ethersproject/strings" "^5.5.0"
  
  "aes-js@3.0.0":
    "integrity" "sha1-4h3xCtbCBTKVvLuNq0Cwnb6ofk0="
    "resolved" "https://registry.npmjs.org/aes-js/-/aes-js-3.0.0.tgz"
    "version" "3.0.0"
  
  "ansi-regex@^5.0.1":
    "integrity" "sha512-quJQXlTSUGL2LH9SUXo8VwsY4soanhgo6LNSm84E1LBcE8s3O0wpdiRzyR9z/ZZJMlMWv37qOOb9pdJlMUEKFQ=="
    "resolved" "https://registry.npmjs.org/ansi-regex/-/ansi-regex-5.0.1.tgz"
    "version" "5.0.1"
  
  "ansi-styles@^4.0.0", "ansi-styles@^4.1.0":
    "integrity" "sha512-zbB9rCJAT1rbjiVDb2hqKFHNYLxgtk8NURxZ3IZwD3F6NtxbXZQCnnSi1Lkx+IDohdPlFp222wVALIheZJQSEg=="
    "resolved" "https://registry.npmjs.org/ansi-styles/-/ansi-styles-4.3.0.tgz"
    "version" "4.3.0"
    dependencies:
      "color-convert" "^2.0.1"
  
  "base-x@^3.0.2":
    "integrity" "sha512-H7JU6iBHTal1gp56aKoaa//YUxEaAOUiydvrV/pILqIHXTtqxSkATOnDA2u+jZ/61sD+L/412+7kzXRtWukhpQ=="
    "resolved" "https://registry.npmjs.org/base-x/-/base-x-3.0.9.tgz"
    "version" "3.0.9"
    dependencies:
      "safe-buffer" "^5.0.1"
  
  "bech32@1.1.4":
    "integrity" "sha512-s0IrSOzLlbvX7yp4WBfPITzpAU8sqQcpsmwXDiKwrG4r491vwCO/XpejasRNl0piBMe/DvP4Tz0mIS/X1DPJBQ=="
    "resolved" "https://registry.npmjs.org/bech32/-/bech32-1.1.4.tgz"
    "version" "1.1.4"
  
  "bn.js@^4.11.9":
    "integrity" "sha512-c98Bf3tPniI+scsdk237ku1Dc3ujXQTSgyiPUDEOe7tRkhrqridvh8klBv0HCEso1OLOYcHuCv/cS6DNxKH+ZA=="
    "resolved" "https://registry.npmjs.org/bn.js/-/bn.js-4.12.0.tgz"
    "version" "4.12.0"
  
  "bn.js@^5.2.0":
    "integrity" "sha512-D7iWRBvnZE8ecXiLj/9wbxH7Tk79fAh8IHaTNq1RWRixsS02W+5qS+iE9yq6RYl0asXx5tw0bLhmT5pIfbSquw=="
    "resolved" "https://registry.npmjs.org/bn.js/-/bn.js-5.2.0.tgz"
    "version" "5.2.0"
  
  "bn.js@5.2.0":
    "integrity" "sha512-D7iWRBvnZE8ecXiLj/9wbxH7Tk79fAh8IHaTNq1RWRixsS02W+5qS+iE9yq6RYl0asXx5tw0bLhmT5pIfbSquw=="
    "resolved" "https://registry.npmjs.org/bn.js/-/bn.js-5.2.0.tgz"
    "version" "5.2.0"
  
  "borsh@^0.6.0":
    "integrity" "sha512-sl5k89ViqsThXQpYa9XDtz1sBl3l1lI313cFUY1HKr+wvMILnb+58xpkqTNrYbelh99dY7K8usxoCusQmqix9Q=="
    "resolved" "https://registry.npmjs.org/borsh/-/borsh-0.6.0.tgz"
    "version" "0.6.0"
    dependencies:
      "bn.js" "^5.2.0"
      "bs58" "^4.0.0"
      "text-encoding-utf-8" "^1.0.2"
  
  "brorand@^1.1.0":
    "integrity" "sha1-EsJe/kCkXjwyPrhnWgoM5XsiNx8="
    "resolved" "https://registry.npmjs.org/brorand/-/brorand-1.1.0.tgz"
    "version" "1.1.0"
  
  "bs58@^4.0.0":
    "integrity" "sha1-vhYedsNU9veIrkBx9j806MTwpCo="
    "resolved" "https://registry.npmjs.org/bs58/-/bs58-4.0.1.tgz"
    "version" "4.0.1"
    dependencies:
      "base-x" "^3.0.2"
  
  "capability@^0.2.5":
    "integrity" "sha1-Ua2HNT8ZNv/Xfy8hx0YzpN6oiAE="
    "resolved" "https://registry.npmjs.org/capability/-/capability-0.2.5.tgz"
    "version" "0.2.5"
  
  "chalk@^4.1.0":
    "integrity" "sha512-oKnbhFyRIXpUuez8iBMmyEa4nbj4IOQyuhc/wy9kY7/WVPcwIO9VA668Pu8RkO7+0G76SLROeyw9CpQ061i4mA=="
    "resolved" "https://registry.npmjs.org/chalk/-/chalk-4.1.2.tgz"
    "version" "4.1.2"
    dependencies:
      "ansi-styles" "^4.1.0"
      "supports-color" "^7.1.0"
  
  "cliui@^7.0.2":
    "integrity" "sha512-OcRE68cOsVMXp1Yvonl/fzkQOyjLSu/8bhPDfQt0e0/Eb283TKP20Fs2MqoPsr9SwA595rRCA+QMzYc9nBP+JQ=="
    "resolved" "https://registry.npmjs.org/cliui/-/cliui-7.0.4.tgz"
    "version" "7.0.4"
    dependencies:
      "string-width" "^4.2.0"
      "strip-ansi" "^6.0.0"
      "wrap-ansi" "^7.0.0"
  
  "color-convert@^2.0.1":
    "integrity" "sha512-RRECPsj7iu/xb5oKYcsFHSppFNnsj/52OVTRKb4zP5onXwVF3zVmmToNcOfGC+CRDpfK/U584fMg38ZHCaElKQ=="
    "resolved" "https://registry.npmjs.org/color-convert/-/color-convert-2.0.1.tgz"
    "version" "2.0.1"
    dependencies:
      "color-name" "~1.1.4"
  
  "color-name@~1.1.4":
    "integrity" "sha512-dOy+3AuW3a2wNbZHIuMZpTcgjGuLU/uBL/ubcZF9OXbDo8ff4O8yVp5Bf0efS8uEoYo5q4Fx7dY9OgQGXgAsQA=="
    "resolved" "https://registry.npmjs.org/color-name/-/color-name-1.1.4.tgz"
    "version" "1.1.4"
  
  "concurrently@^6.0.2":
    "integrity" "sha512-FlSwNpGjWQfRwPLXvJ/OgysbBxPkWpiVjy1042b0U7on7S7qwwMIILRj7WTN1mTgqa582bG6NFuScOoh6Zgdag=="
    "resolved" "https://registry.npmjs.org/concurrently/-/concurrently-6.5.1.tgz"
    "version" "6.5.1"
    dependencies:
      "chalk" "^4.1.0"
      "date-fns" "^2.16.1"
      "lodash" "^4.17.21"
      "rxjs" "^6.6.3"
      "spawn-command" "^0.0.2-1"
      "supports-color" "^8.1.0"
      "tree-kill" "^1.2.2"
      "yargs" "^16.2.0"
  
  "date-fns@^2.16.1":
    "integrity" "sha512-8d35hViGYx/QH0icHYCeLmsLmMUheMmTyV9Fcm6gvNwdw31yXXH+O85sOBJ+OLnLQMKZowvpKb6FgMIQjcpvQw=="
    "resolved" "https://registry.npmjs.org/date-fns/-/date-fns-2.28.0.tgz"
    "version" "2.28.0"
  
  "depd@^2.0.0":
    "integrity" "sha512-g7nH6P6dyDioJogAAGprGpCtVImJhpPk/roCzdb3fIh61/s/nPsfR6onyMwkCAR/OlC3yBC0lESvUoQEAssIrw=="
    "resolved" "https://registry.npmjs.org/depd/-/depd-2.0.0.tgz"
    "version" "2.0.0"
  
  "depd@~1.1.2":
    "integrity" "sha1-m81S4UwJd2PnSbJ0xDRu0uVgtak="
    "resolved" "https://registry.npmjs.org/depd/-/depd-1.1.2.tgz"
    "version" "1.1.2"
  
  "elliptic@6.5.4":
    "integrity" "sha512-iLhC6ULemrljPZb+QutR5TQGB+pdW6KGD5RSegS+8sorOZT+rdQFbsQFJgvN3eRqNALqJer4oQ16YvJHlU8hzQ=="
    "resolved" "https://registry.npmjs.org/elliptic/-/elliptic-6.5.4.tgz"
    "version" "6.5.4"
    dependencies:
      "bn.js" "^4.11.9"
      "brorand" "^1.1.0"
      "hash.js" "^1.0.0"
      "hmac-drbg" "^1.0.1"
      "inherits" "^2.0.4"
      "minimalistic-assert" "^1.0.1"
      "minimalistic-crypto-utils" "^1.0.1"
  
  "emoji-regex@^8.0.0":
    "integrity" "sha512-MSjYzcWNOA0ewAHpz0MxpYFvwg6yjy1NG3xteoqz644VCo/RPgnr1/GGt+ic3iJTzQ8Eu3TdM14SawnVUmGE6A=="
    "resolved" "https://registry.npmjs.org/emoji-regex/-/emoji-regex-8.0.0.tgz"
    "version" "8.0.0"
  
  "error-polyfill@^0.1.3":
    "integrity" "sha512-XHJk60ufE+TG/ydwp4lilOog549iiQF2OAPhkk9DdiYWMrltz5yhDz/xnKuenNwP7gy3dsibssO5QpVhkrSzzg=="
    "resolved" "https://registry.npmjs.org/error-polyfill/-/error-polyfill-0.1.3.tgz"
    "version" "0.1.3"
    dependencies:
      "capability" "^0.2.5"
      "o3" "^1.0.3"
      "u3" "^0.1.1"
  
  "escalade@^3.1.1":
    "integrity" "sha512-k0er2gUkLf8O0zKJiAhmkTnJlTvINGv7ygDNPbeIsX/TJjGJZHuh9B2UxbsaEkmlEo9MfhrSzmhIlhRlI2GXnw=="
    "resolved" "https://registry.npmjs.org/escalade/-/escalade-3.1.1.tgz"
    "version" "3.1.1"
  
  "ethers@^5.5.3":
    "integrity" "sha512-fTT4WT8/hTe/BLwRUtl7I5zlpF3XC3P/Xwqxc5AIP2HGlH15qpmjs0Ou78az93b1rLITzXLFxoNX63B8ZbUd7g=="
    "resolved" "https://registry.npmjs.org/ethers/-/ethers-5.5.3.tgz"
    "version" "5.5.3"
    dependencies:
      "@ethersproject/abi" "5.5.0"
      "@ethersproject/abstract-provider" "5.5.1"
      "@ethersproject/abstract-signer" "5.5.0"
      "@ethersproject/address" "5.5.0"
      "@ethersproject/base64" "5.5.0"
      "@ethersproject/basex" "5.5.0"
      "@ethersproject/bignumber" "5.5.0"
      "@ethersproject/bytes" "5.5.0"
      "@ethersproject/constants" "5.5.0"
      "@ethersproject/contracts" "5.5.0"
      "@ethersproject/hash" "5.5.0"
      "@ethersproject/hdnode" "5.5.0"
      "@ethersproject/json-wallets" "5.5.0"
      "@ethersproject/keccak256" "5.5.0"
      "@ethersproject/logger" "5.5.0"
      "@ethersproject/networks" "5.5.2"
      "@ethersproject/pbkdf2" "5.5.0"
      "@ethersproject/properties" "5.5.0"
      "@ethersproject/providers" "5.5.2"
      "@ethersproject/random" "5.5.1"
      "@ethersproject/rlp" "5.5.0"
      "@ethersproject/sha2" "5.5.0"
      "@ethersproject/signing-key" "5.5.0"
      "@ethersproject/solidity" "5.5.0"
      "@ethersproject/strings" "5.5.0"
      "@ethersproject/transactions" "5.5.0"
      "@ethersproject/units" "5.5.0"
      "@ethersproject/wallet" "5.5.0"
      "@ethersproject/web" "5.5.1"
      "@ethersproject/wordlists" "5.5.0"
  
  "get-caller-file@^2.0.5":
    "integrity" "sha512-DyFP3BM/3YHTQOCUL/w0OZHR0lpKeGrxotcHWcqNEdnltqFwXVfhEBQ94eIo34AfQpo0rGki4cyIiftY06h2Fg=="
    "resolved" "https://registry.npmjs.org/get-caller-file/-/get-caller-file-2.0.5.tgz"
    "version" "2.0.5"
  
  "has-flag@^4.0.0":
    "integrity" "sha512-EykJT/Q1KjTWctppgIAgfSO0tKVuZUjhgMr17kqTumMl6Afv3EISleU7qZUzoXDFTAHTDC4NOoG/ZxU3EvlMPQ=="
    "resolved" "https://registry.npmjs.org/has-flag/-/has-flag-4.0.0.tgz"
    "version" "4.0.0"
  
  "hash.js@^1.0.0", "hash.js@^1.0.3", "hash.js@1.1.7":
    "integrity" "sha512-taOaskGt4z4SOANNseOviYDvjEJinIkRgmp7LbKP2YTTmVxWBl87s/uzK9r+44BclBSp2X7K1hqeNfz9JbBeXA=="
    "resolved" "https://registry.npmjs.org/hash.js/-/hash.js-1.1.7.tgz"
    "version" "1.1.7"
    dependencies:
      "inherits" "^2.0.3"
      "minimalistic-assert" "^1.0.1"
  
  "hmac-drbg@^1.0.1":
    "integrity" "sha1-0nRXAQJabHdabFRXk+1QL8DGSaE="
    "resolved" "https://registry.npmjs.org/hmac-drbg/-/hmac-drbg-1.0.1.tgz"
    "version" "1.0.1"
    dependencies:
      "hash.js" "^1.0.3"
      "minimalistic-assert" "^1.0.0"
      "minimalistic-crypto-utils" "^1.0.1"
  
  "http-errors@^1.7.2":
    "integrity" "sha512-Kpk9Sm7NmI+RHhnj6OIWDI1d6fIoFAtFt9RLaTMRlg/8w49juAStsrBgp0Dp4OdxdVbRIeKhtCUvoi/RuAhO4g=="
    "resolved" "https://registry.npmjs.org/http-errors/-/http-errors-1.8.1.tgz"
    "version" "1.8.1"
    dependencies:
      "depd" "~1.1.2"
      "inherits" "2.0.4"
      "setprototypeof" "1.2.0"
      "statuses" ">= 1.5.0 < 2"
      "toidentifier" "1.0.1"
  
  "inherits@^2.0.3", "inherits@^2.0.4", "inherits@2.0.4":
    "integrity" "sha512-k/vGaX4/Yla3WzyMCvTQOXYeIHvqOKtnqBduzTHpzpQZzAskKMhZ2K+EnBiSM9zGSoIFeMpXKxa4dYeZIQqewQ=="
    "resolved" "https://registry.npmjs.org/inherits/-/inherits-2.0.4.tgz"
    "version" "2.0.4"
  
  "is-fullwidth-code-point@^3.0.0":
    "integrity" "sha512-zymm5+u+sCsSWyD9qNaejV3DFvhCKclKdizYaJUuHA83RLjb7nSuGnddCHGv0hk+KY7BMAlsWeK4Ueg6EV6XQg=="
    "resolved" "https://registry.npmjs.org/is-fullwidth-code-point/-/is-fullwidth-code-point-3.0.0.tgz"
    "version" "3.0.0"
  
  "js-sha256@^0.9.0":
    "integrity" "sha512-sga3MHh9sgQN2+pJ9VYZ+1LPwXOxuBJBA5nrR5/ofPfuiJBE2hnjsaN8se8JznOmGLN2p49Pe5U/ttafcs/apA=="
    "resolved" "https://registry.npmjs.org/js-sha256/-/js-sha256-0.9.0.tgz"
    "version" "0.9.0"
  
  "js-sha3@0.8.0":
    "integrity" "sha512-gF1cRrHhIzNfToc802P800N8PpXS+evLLXfsVpowqmAFR9uwbi89WvXg2QspOmXL8QL86J4T1EpFu+yUkwJY3Q=="
    "resolved" "https://registry.npmjs.org/js-sha3/-/js-sha3-0.8.0.tgz"
    "version" "0.8.0"
  
  "lodash@^4.17.21":
    "integrity" "sha512-v2kDEe57lecTulaDIuNTPy3Ry4gLGJ6Z1O3vE1krgXZNrsQ+LFTGHVxVjcXPs17LhbZVGedAJv8XZ1tvj5FvSg=="
    "resolved" "https://registry.npmjs.org/lodash/-/lodash-4.17.21.tgz"
    "version" "4.17.21"
  
  "minimalistic-assert@^1.0.0", "minimalistic-assert@^1.0.1":
    "integrity" "sha512-UtJcAD4yEaGtjPezWuO9wC4nwUnVH/8/Im3yEHQP4b67cXlD/Qr9hdITCU1xDbSEXg2XKNaP8jsReV7vQd00/A=="
    "resolved" "https://registry.npmjs.org/minimalistic-assert/-/minimalistic-assert-1.0.1.tgz"
    "version" "1.0.1"
  
  "minimalistic-crypto-utils@^1.0.1":
    "integrity" "sha1-9sAMHAsIIkblxNmd+4x8CDsrWCo="
    "resolved" "https://registry.npmjs.org/minimalistic-crypto-utils/-/minimalistic-crypto-utils-1.0.1.tgz"
    "version" "1.0.1"
  
  "mustache@^4.0.0":
    "integrity" "sha512-71ippSywq5Yb7/tVYyGbkBggbU8H3u5Rz56fH60jGFgr8uHwxs+aSKeqmluIVzM0m0kB7xQjKS6qPfd0b2ZoqQ=="
    "resolved" "https://registry.npmjs.org/mustache/-/mustache-4.2.0.tgz"
    "version" "4.2.0"
  
  "near-api-js@^0.44.2":
    "integrity" "sha512-eMnc4V+geggapEUa3nU2p8HSHn/njtloI4P2mceHQWO8vDE1NGpnAw8FuTBrLmXSgIv9m6oocgFc9t3VNf5zwg=="
    "resolved" "https://registry.npmjs.org/near-api-js/-/near-api-js-0.44.2.tgz"
    "version" "0.44.2"
    dependencies:
      "bn.js" "5.2.0"
      "borsh" "^0.6.0"
      "bs58" "^4.0.0"
      "depd" "^2.0.0"
      "error-polyfill" "^0.1.3"
      "http-errors" "^1.7.2"
      "js-sha256" "^0.9.0"
      "mustache" "^4.0.0"
      "node-fetch" "^2.6.1"
      "text-encoding-utf-8" "^1.0.2"
      "tweetnacl" "^1.0.1"
  
  "node-fetch@^2.6.1":
    "integrity" "sha512-ZjMPFEfVx5j+y2yF35Kzx5sF7kDzxuDj6ziH4FFbOp87zKDZNx8yExJIb05OGF4Nlt9IHFIMBkRl41VdvcNdbQ=="
    "resolved" "https://registry.npmjs.org/node-fetch/-/node-fetch-2.6.7.tgz"
    "version" "2.6.7"
    dependencies:
      "whatwg-url" "^5.0.0"
  
  "o3@^1.0.3":
    "integrity" "sha1-GSzod6iC36Z1HwQSqGX6+y2h2sA="
    "resolved" "https://registry.npmjs.org/o3/-/o3-1.0.3.tgz"
    "version" "1.0.3"
    dependencies:
      "capability" "^0.2.5"
  
  "prettier@2.2.1":
    "integrity" "sha512-PqyhM2yCjg/oKkFPtTGUojv7gnZAoG80ttl45O6x2Ug/rMJw4wcc9k6aaf2hibP7BGVCCM33gZoGjyvt9mm16Q=="
    "resolved" "https://registry.npmjs.org/prettier/-/prettier-2.2.1.tgz"
    "version" "2.2.1"
  
  "require-directory@^2.1.1":
    "integrity" "sha1-jGStX9MNqxyXbiNE/+f3kqam30I="
    "resolved" "https://registry.npmjs.org/require-directory/-/require-directory-2.1.1.tgz"
    "version" "2.1.1"
  
  "rxjs@^6.6.3":
    "integrity" "sha512-hTdwr+7yYNIT5n4AMYp85KA6yw2Va0FLa3Rguvbpa4W3I5xynaBZo41cM3XM+4Q6fRMj3sBYIR1VAmZMXYJvRQ=="
    "resolved" "https://registry.npmjs.org/rxjs/-/rxjs-6.6.7.tgz"
    "version" "6.6.7"
    dependencies:
      "tslib" "^1.9.0"
  
  "safe-buffer@^5.0.1":
    "integrity" "sha512-rp3So07KcdmmKbGvgaNxQSJr7bGVSVk5S9Eq1F+ppbRo70+YeaDxkw5Dd8NPN+GD6bjnYm2VuPuCXmpuYvmCXQ=="
    "resolved" "https://registry.npmjs.org/safe-buffer/-/safe-buffer-5.2.1.tgz"
    "version" "5.2.1"
  
  "scrypt-js@3.0.1":
    "integrity" "sha512-cdwTTnqPu0Hyvf5in5asVdZocVDTNRmR7XEcJuIzMjJeSHybHl7vpB66AzwTaIg6CLSbtjcxc8fqcySfnTkccA=="
    "resolved" "https://registry.npmjs.org/scrypt-js/-/scrypt-js-3.0.1.tgz"
    "version" "3.0.1"
  
  "setprototypeof@1.2.0":
    "integrity" "sha512-E5LDX7Wrp85Kil5bhZv46j8jOeboKq5JMmYM3gVGdGH8xFpPWXUMsNrlODCrkoxMEeNi/XZIwuRvY4XNwYMJpw=="
    "resolved" "https://registry.npmjs.org/setprototypeof/-/setprototypeof-1.2.0.tgz"
    "version" "1.2.0"
  
  "spawn-command@^0.0.2-1":
    "integrity" "sha1-YvXpRmmBwbeW3Fkpk34RycaSG9A="
    "resolved" "https://registry.npmjs.org/spawn-command/-/spawn-command-0.0.2-1.tgz"
    "version" "0.0.2-1"
  
  "statuses@>= 1.5.0 < 2":
    "integrity" "sha1-Fhx9rBd2Wf2YEfQ3cfqZOBR4Yow="
    "resolved" "https://registry.npmjs.org/statuses/-/statuses-1.5.0.tgz"
    "version" "1.5.0"
  
  "string-width@^4.1.0", "string-width@^4.2.0":
    "integrity" "sha512-wKyQRQpjJ0sIp62ErSZdGsjMJWsap5oRNihHhu6G7JVO/9jIB6UyevL+tXuOqrng8j/cxKTWyWUwvSTriiZz/g=="
    "resolved" "https://registry.npmjs.org/string-width/-/string-width-4.2.3.tgz"
    "version" "4.2.3"
    dependencies:
      "emoji-regex" "^8.0.0"
      "is-fullwidth-code-point" "^3.0.0"
      "strip-ansi" "^6.0.1"
  
  "strip-ansi@^6.0.0", "strip-ansi@^6.0.1":
    "integrity" "sha512-Y38VPSHcqkFrCpFnQ9vuSXmquuv5oXOKpGeT6aGrr3o3Gc9AlVa6JBfUSOCnbxGGZF+/0ooI7KrPuUSztUdU5A=="
    "resolved" "https://registry.npmjs.org/strip-ansi/-/strip-ansi-6.0.1.tgz"
    "version" "6.0.1"
    dependencies:
      "ansi-regex" "^5.0.1"
  
  "supports-color@^7.1.0":
    "integrity" "sha512-qpCAvRl9stuOHveKsn7HncJRvv501qIacKzQlO/+Lwxc9+0q2wLyv4Dfvt80/DPn2pqOBsJdDiogXGR9+OvwRw=="
    "resolved" "https://registry.npmjs.org/supports-color/-/supports-color-7.2.0.tgz"
    "version" "7.2.0"
    dependencies:
      "has-flag" "^4.0.0"
  
  "supports-color@^8.1.0":
    "integrity" "sha512-MpUEN2OodtUzxvKQl72cUF7RQ5EiHsGvSsVG0ia9c5RbWGL2CI4C7EpPS8UTBIplnlzZiNuV56w+FuNxy3ty2Q=="
    "resolved" "https://registry.npmjs.org/supports-color/-/supports-color-8.1.1.tgz"
    "version" "8.1.1"
    dependencies:
      "has-flag" "^4.0.0"
  
  "text-encoding-utf-8@^1.0.2":
    "integrity" "sha512-8bw4MY9WjdsD2aMtO0OzOCY3pXGYNx2d2FfHRVUKkiCPDWjKuOlhLVASS+pD7VkLTVjW268LYJHwsnPFlBpbAg=="
    "resolved" "https://registry.npmjs.org/text-encoding-utf-8/-/text-encoding-utf-8-1.0.2.tgz"
    "version" "1.0.2"
  
  "toidentifier@1.0.1":
    "integrity" "sha512-o5sSPKEkg/DIQNmH43V0/uerLrpzVedkUh8tGNvaeXpfpuwjKenlSox/2O/BTlZUtEe+JG7s5YhEz608PlAHRA=="
    "resolved" "https://registry.npmjs.org/toidentifier/-/toidentifier-1.0.1.tgz"
    "version" "1.0.1"
  
  "tr46@~0.0.3":
    "integrity" "sha1-gYT9NH2snNwYWZLzpmIuFLnZq2o="
    "resolved" "https://registry.npmjs.org/tr46/-/tr46-0.0.3.tgz"
    "version" "0.0.3"
  
  "tree-kill@^1.2.2":
    "integrity" "sha512-L0Orpi8qGpRG//Nd+H90vFB+3iHnue1zSSGmNOOCh1GLJ7rUKVwV2HvijphGQS2UmhUZewS9VgvxYIdgr+fG1A=="
    "resolved" "https://registry.npmjs.org/tree-kill/-/tree-kill-1.2.2.tgz"
    "version" "1.2.2"
  
  "tslib@^1.9.0":
    "integrity" "sha512-Xni35NKzjgMrwevysHTCArtLDpPvye8zV/0E4EyYn43P7/7qvQwPh9BGkHewbMulVntbigmcT7rdX3BNo9wRJg=="
    "resolved" "https://registry.npmjs.org/tslib/-/tslib-1.14.1.tgz"
    "version" "1.14.1"
  
  "tweetnacl@^1.0.1":
    "integrity" "sha512-6rt+RN7aOi1nGMyC4Xa5DdYiukl2UWCbcJft7YhxReBGQD7OAM8Pbxw6YMo4r2diNEA8FEmu32YOn9rhaiE5yw=="
    "resolved" "https://registry.npmjs.org/tweetnacl/-/tweetnacl-1.0.3.tgz"
    "version" "1.0.3"
  
  "u3@^0.1.1":
    "integrity" "sha512-+J5D5ir763y+Am/QY6hXNRlwljIeRMZMGs0cT6qqZVVzzT3X3nFPXVyPOFRMOR4kupB0T8JnCdpWdp6Q/iXn3w=="
    "resolved" "https://registry.npmjs.org/u3/-/u3-0.1.1.tgz"
    "version" "0.1.1"
  
  "webidl-conversions@^3.0.0":
    "integrity" "sha1-JFNCdeKnvGvnvIZhHMFq4KVlSHE="
    "resolved" "https://registry.npmjs.org/webidl-conversions/-/webidl-conversions-3.0.1.tgz"
    "version" "3.0.1"
  
  "whatwg-url@^5.0.0":
    "integrity" "sha1-lmRU6HZUYuN2RNNib2dCzotwll0="
    "resolved" "https://registry.npmjs.org/whatwg-url/-/whatwg-url-5.0.0.tgz"
    "version" "5.0.0"
    dependencies:
      "tr46" "~0.0.3"
      "webidl-conversions" "^3.0.0"
  
  "wrap-ansi@^7.0.0":
    "integrity" "sha512-YVGIj2kamLSTxw6NsZjoBxfSwsn0ycdesmc4p+Q21c5zPuZ1pl+NfxVdxPtdHvmNVOQ6XSYG4AUtyt/Fi7D16Q=="
    "resolved" "https://registry.npmjs.org/wrap-ansi/-/wrap-ansi-7.0.0.tgz"
    "version" "7.0.0"
    dependencies:
      "ansi-styles" "^4.0.0"
      "string-width" "^4.1.0"
      "strip-ansi" "^6.0.0"
  
  "ws@7.4.6":
    "integrity" "sha512-YmhHDO4MzaDLB+M9ym/mDA5z0naX8j7SIlT8f8z+I0VtzsRbekxEutHSme7NPS2qE8StCYQNUnfWdXta/Yu85A=="
    "resolved" "https://registry.npmjs.org/ws/-/ws-7.4.6.tgz"
    "version" "7.4.6"
  
  "y18n@^5.0.5":
    "integrity" "sha512-0pfFzegeDWJHJIAmTLRP2DwHjdF5s7jo9tuztdQxAhINCdvS+3nGINqPd00AphqJR/0LhANUS6/+7SCb98YOfA=="
    "resolved" "https://registry.npmjs.org/y18n/-/y18n-5.0.8.tgz"
    "version" "5.0.8"
  
  "yargs-parser@^20.2.2":
    "integrity" "sha512-y11nGElTIV+CT3Zv9t7VKl+Q3hTQoT9a1Qzezhhl6Rp21gJ/IVTW7Z3y9EWXhuUBC2Shnf+DX0antecpAwSP8w=="
    "resolved" "https://registry.npmjs.org/yargs-parser/-/yargs-parser-20.2.9.tgz"
    "version" "20.2.9"
  
  "yargs@^16.2.0":
    "integrity" "sha512-D1mvvtDG0L5ft/jGWkLpG1+m0eQxOfaBvTNELraWj22wSVUMWxZUvYgJYcKh6jGGIkJFhH4IZPQhR4TKpc8mBw=="
    "resolved" "https://registry.npmjs.org/yargs/-/yargs-16.2.0.tgz"
    "version" "16.2.0"
    dependencies:
      "cliui" "^7.0.2"
      "escalade" "^3.1.1"
      "get-caller-file" "^2.0.5"
      "require-directory" "^2.1.1"
      "string-width" "^4.2.0"
      "y18n" "^5.0.5"
      "yargs-parser" "^20.2.2"
